Add Component: Footprint Not Found CAPC1608X90N
Add Component: Footprint Not Found CAPC1608X90N
Add Component: Footprint Not Found CAPC1608X90N
Added Component: Designator=C4(CAPC1005X55N)
Add component (AddParameter): Name = "Digi-Key_Part_Number"; Value = "399-C0402C104K4RAC7411CT-ND"; VariantName = "[No Variations]"
Add component (AddParameter): Name = "MF"; Value = "KEMET"; VariantName = "[No Variations]"
Add component (AddParameter): Name = "MP"; Value = "C0402C104K4RAC7411"; VariantName = "[No Variations]"
Add component (AddParameter): Name = "Package"; Value = "1005 KEMET"; VariantName = "[No Variations]"
Add component (AddParameter): Name = "SnapEDA_Link"; Value = "https://www.snapeda.com/parts/C0402C104K4RAC7411/KEMET/view-part/3213918/?ref=snap"; VariantName = "[No Variations]"
Add component (AddParameter): Name = "Value"; Value = "100n"; VariantName = "[No Variations]"
Added Component: Designator=C5(CAPC1005X55N)
Add component (AddParameter): Name = "Digi-Key_Part_Number"; Value = "399-C0402C104K4RAC7411CT-ND"; VariantName = "[No Variations]"
Add component (AddParameter): Name = "MF"; Value = "KEMET"; VariantName = "[No Variations]"
Add component (AddParameter): Name = "MP"; Value = "C0402C104K4RAC7411"; VariantName = "[No Variations]"
Add component (AddParameter): Name = "Package"; Value = "1005 KEMET"; VariantName = "[No Variations]"
Add component (AddParameter): Name = "SnapEDA_Link"; Value = "https://www.snapeda.com/parts/C0402C104K4RAC7411/KEMET/view-part/3213918/?ref=snap"; VariantName = "[No Variations]"
Add component (AddParameter): Name = "Value"; Value = "2n2"; VariantName = "[No Variations]"
Added Component: Designator=C6(CAPC1005X55N)
Add component (AddParameter): Name = "Digi-Key_Part_Number"; Value = "399-C0402C104K4RAC7411CT-ND"; VariantName = "[No Variations]"
Add component (AddParameter): Name = "MF"; Value = "KEMET"; VariantName = "[No Variations]"
Add component (AddParameter): Name = "MP"; Value = "C0402C104K4RAC7411"; VariantName = "[No Variations]"
Add component (AddParameter): Name = "Package"; Value = "1005 KEMET"; VariantName = "[No Variations]"
Add component (AddParameter): Name = "SnapEDA_Link"; Value = "https://www.snapeda.com/parts/C0402C104K4RAC7411/KEMET/view-part/3213918/?ref=snap"; VariantName = "[No Variations]"
Add component (AddParameter): Name = "Value"; Value = "100n"; VariantName = "[No Variations]"
Added Component: Designator=C7(CAPC1005X55N)
Add component (AddParameter): Name = "Digi-Key_Part_Number"; Value = "399-C0402C104K4RAC7411CT-ND"; VariantName = "[No Variations]"
Add component (AddParameter): Name = "MF"; Value = "KEMET"; VariantName = "[No Variations]"
Add component (AddParameter): Name = "MP"; Value = "C0402C104K4RAC7411"; VariantName = "[No Variations]"
Add component (AddParameter): Name = "Package"; Value = "1005 KEMET"; VariantName = "[No Variations]"
Add component (AddParameter): Name = "SnapEDA_Link"; Value = "https://www.snapeda.com/parts/C0402C104K4RAC7411/KEMET/view-part/3213918/?ref=snap"; VariantName = "[No Variations]"
Add component (AddParameter): Name = "Value"; Value = "10n"; VariantName = "[No Variations]"
Added Component: Designator=C8(CAPC1005X55N)
Add component (AddParameter): Name = "Digi-Key_Part_Number"; Value = "399-C0402C104K4RAC7411CT-ND"; VariantName = "[No Variations]"
Add component (AddParameter): Name = "MF"; Value = "KEMET"; VariantName = "[No Variations]"
Add component (AddParameter): Name = "MP"; Value = "C0402C104K4RAC7411"; VariantName = "[No Variations]"
Add component (AddParameter): Name = "Package"; Value = "1005 KEMET"; VariantName = "[No Variations]"
Add component (AddParameter): Name = "SnapEDA_Link"; Value = "https://www.snapeda.com/parts/C0402C104K4RAC7411/KEMET/view-part/3213918/?ref=snap"; VariantName = "[No Variations]"
Add component (AddParameter): Name = "Value"; Value = "10p"; VariantName = "[No Variations]"
Added Component: Designator=C9(CAPC1005X55N)
Add component (AddParameter): Name = "Digi-Key_Part_Number"; Value = "399-C0402C104K4RAC7411CT-ND"; VariantName = "[No Variations]"
Add component (AddParameter): Name = "MF"; Value = "KEMET"; VariantName = "[No Variations]"
Add component (AddParameter): Name = "MP"; Value = "C0402C104K4RAC7411"; VariantName = "[No Variations]"
Add component (AddParameter): Name = "Package"; Value = "1005 KEMET"; VariantName = "[No Variations]"
Add component (AddParameter): Name = "SnapEDA_Link"; Value = "https://www.snapeda.com/parts/C0402C104K4RAC7411/KEMET/view-part/3213918/?ref=snap"; VariantName = "[No Variations]"
Add component (AddParameter): Name = "Value"; Value = "10p"; VariantName = "[No Variations]"
Add Component: Footprint Not Found CAPC1608X90N
Added Component: Designator=C11(CAPC1005X55N)
Add component (AddParameter): Name = "Digi-Key_Part_Number"; Value = "399-C0402C104K4RAC7411CT-ND"; VariantName = "[No Variations]"
Add component (AddParameter): Name = "MF"; Value = "KEMET"; VariantName = "[No Variations]"
Add component (AddParameter): Name = "MP"; Value = "C0402C104K4RAC7411"; VariantName = "[No Variations]"
Add component (AddParameter): Name = "Package"; Value = "1005 KEMET"; VariantName = "[No Variations]"
Add component (AddParameter): Name = "SnapEDA_Link"; Value = "https://www.snapeda.com/parts/C0402C104K4RAC7411/KEMET/view-part/3213918/?ref=snap"; VariantName = "[No Variations]"
Add component (AddParameter): Name = "Value"; Value = "100n"; VariantName = "[No Variations]"
Added Component: Designator=C12(CAPC1005X55N)
Add component (AddParameter): Name = "Digi-Key_Part_Number"; Value = "399-C0402C104K4RAC7411CT-ND"; VariantName = "[No Variations]"
Add component (AddParameter): Name = "MF"; Value = "KEMET"; VariantName = "[No Variations]"
Add component (AddParameter): Name = "MP"; Value = "C0402C104K4RAC7411"; VariantName = "[No Variations]"
Add component (AddParameter): Name = "Package"; Value = "1005 KEMET"; VariantName = "[No Variations]"
Add component (AddParameter): Name = "SnapEDA_Link"; Value = "https://www.snapeda.com/parts/C0402C104K4RAC7411/KEMET/view-part/3213918/?ref=snap"; VariantName = "[No Variations]"
Add component (AddParameter): Name = "Value"; Value = "100n"; VariantName = "[No Variations]"
Added Component: Designator=C13(CAPC1005X55N)
Add component (AddParameter): Name = "Digi-Key_Part_Number"; Value = "399-C0402C104K4RAC7411CT-ND"; VariantName = "[No Variations]"
Add component (AddParameter): Name = "MF"; Value = "KEMET"; VariantName = "[No Variations]"
Add component (AddParameter): Name = "MP"; Value = "C0402C104K4RAC7411"; VariantName = "[No Variations]"
Add component (AddParameter): Name = "Package"; Value = "1005 KEMET"; VariantName = "[No Variations]"
Add component (AddParameter): Name = "SnapEDA_Link"; Value = "https://www.snapeda.com/parts/C0402C104K4RAC7411/KEMET/view-part/3213918/?ref=snap"; VariantName = "[No Variations]"
Add component (AddParameter): Name = "Value"; Value = "100n"; VariantName = "[No Variations]"
Added Component: Designator=C14(CAPC1005X55N)
Add component (AddParameter): Name = "Digi-Key_Part_Number"; Value = "399-C0402C104K4RAC7411CT-ND"; VariantName = "[No Variations]"
Add component (AddParameter): Name = "MF"; Value = "KEMET"; VariantName = "[No Variations]"
Add component (AddParameter): Name = "MP"; Value = "C0402C104K4RAC7411"; VariantName = "[No Variations]"
Add component (AddParameter): Name = "Package"; Value = "1005 KEMET"; VariantName = "[No Variations]"
Add component (AddParameter): Name = "SnapEDA_Link"; Value = "https://www.snapeda.com/parts/C0402C104K4RAC7411/KEMET/view-part/3213918/?ref=snap"; VariantName = "[No Variations]"
Add component (AddParameter): Name = "Value"; Value = "100n"; VariantName = "[No Variations]"
Added Component: Designator=C15(CAPC1005X55N)
Add component (AddParameter): Name = "Digi-Key_Part_Number"; Value = "399-C0402C104K4RAC7411CT-ND"; VariantName = "[No Variations]"
Add component (AddParameter): Name = "MF"; Value = "KEMET"; VariantName = "[No Variations]"
Add component (AddParameter): Name = "MP"; Value = "C0402C104K4RAC7411"; VariantName = "[No Variations]"
Add component (AddParameter): Name = "Package"; Value = "1005 KEMET"; VariantName = "[No Variations]"
Add component (AddParameter): Name = "SnapEDA_Link"; Value = "https://www.snapeda.com/parts/C0402C104K4RAC7411/KEMET/view-part/3213918/?ref=snap"; VariantName = "[No Variations]"
Add component (AddParameter): Name = "Value"; Value = "100n"; VariantName = "[No Variations]"
Add Component: Footprint Not Found CAPC1608X90N
Added Component: Designator=C17(CAPC1005X55N)
Add component (AddParameter): Name = "Digi-Key_Part_Number"; Value = "399-C0402C104K4RAC7411CT-ND"; VariantName = "[No Variations]"
Add component (AddParameter): Name = "MF"; Value = "KEMET"; VariantName = "[No Variations]"
Add component (AddParameter): Name = "MP"; Value = "C0402C104K4RAC7411"; VariantName = "[No Variations]"
Add component (AddParameter): Name = "Package"; Value = "1005 KEMET"; VariantName = "[No Variations]"
Add component (AddParameter): Name = "SnapEDA_Link"; Value = "https://www.snapeda.com/parts/C0402C104K4RAC7411/KEMET/view-part/3213918/?ref=snap"; VariantName = "[No Variations]"
Add component (AddParameter): Name = "Value"; Value = "100n"; VariantName = "[No Variations]"
Add Component: Footprint Not Found LEDM1608X80
Added Component: Designator=D2(LEDM1608X80)
Add component (AddParameter): Name = "Availability"; Value = "Unavailable"; VariantName = "[No Variations]"
Add component (AddParameter): Name = "MF"; Value = "Broadcom Limited"; VariantName = "[No Variations]"
Add component (AddParameter): Name = "MP"; Value = "HSMS-C190"; VariantName = "[No Variations]"
Add component (AddParameter): Name = "Package"; Value = "0603 Broadcom"; VariantName = "[No Variations]"
Add component (AddParameter): Name = "Price"; Value = "None"; VariantName = "[No Variations]"
Add component (AddParameter): Name = "SnapEDA_Link"; Value = "https://www.snapeda.com/parts/HSMS-C190/Broadcom%20Limited/view-part/1781258/?ref=snap"; VariantName = "[No Variations]"
Add component (AddParameter): Name = "Value"; Value = ""; VariantName = "[No Variations]"
Added Component: Designator=FB1(BEADC1608X75N)
Add component (AddParameter): Name = "Availability"; Value = "Good"; VariantName = "[No Variations]"
Add component (AddParameter): Name = "Check_prices"; Value = "https://www.snapeda.com/parts/BLM18KG102WH1D/Murata/view-part/4970268/?ref=eda"; VariantName = "[No Variations]"
Add component (AddParameter): Name = "MF"; Value = "Murata"; VariantName = "[No Variations]"
Add component (AddParameter): Name = "MP"; Value = "BLM18KG102WH1D"; VariantName = "[No Variations]"
Add component (AddParameter): Name = "Package"; Value = "0603 Murata"; VariantName = "[No Variations]"
Add component (AddParameter): Name = "Price"; Value = "None"; VariantName = "[No Variations]"
Add component (AddParameter): Name = "Purchase-URL"; Value = "https://pricing.snapeda.com/search/part/BLM18KG102WH1D/?ref=eda"; VariantName = "[No Variations]"
Add component (AddParameter): Name = "SnapEDA_Link"; Value = "https://www.snapeda.com/parts/BLM18KG102WH1D/Murata/view-part/4970268/?ref=snap"; VariantName = "[No Variations]"
Add component (AddParameter): Name = "Value"; Value = ""; VariantName = "[No Variations]"
Added Component: Designator=J1(TAG_TC2030-IDC-NL)
Add component (AddParameter): Name = "Availability"; Value = "Unavailable"; VariantName = "[No Variations]"
Add component (AddParameter): Name = "MF"; Value = ""; VariantName = "[No Variations]"
Add component (AddParameter): Name = "MP"; Value = "TC2030-IDC-NL"; VariantName = "[No Variations]"
Add component (AddParameter): Name = "Package"; Value = "None"; VariantName = "[No Variations]"
Add component (AddParameter): Name = "Price"; Value = "None"; VariantName = "[No Variations]"
Add component (AddParameter): Name = "Value"; Value = ""; VariantName = "[No Variations]"
Added Component: Designator=J2(MOLEX_47346-0001)
Add component (AddParameter): Name = "Availability"; Value = "Warning"; VariantName = "[No Variations]"
Add component (AddParameter): Name = "Check_prices"; Value = "https://www.snapeda.com/parts/47346-0001/Molex/view-part/53503/?ref=eda"; VariantName = "[No Variations]"
Add component (AddParameter): Name = "MF"; Value = "Molex"; VariantName = "[No Variations]"
Add component (AddParameter): Name = "MP"; Value = "47346-0001"; VariantName = "[No Variations]"
Add component (AddParameter): Name = "Package"; Value = "None"; VariantName = "[No Variations]"
Add component (AddParameter): Name = "Price"; Value = "None"; VariantName = "[No Variations]"
Add component (AddParameter): Name = "Purchase-URL"; Value = "https://pricing.snapeda.com/search/part/47346-0001/?ref=eda"; VariantName = "[No Variations]"
Add component (AddParameter): Name = "SnapEDA_Link"; Value = "https://www.snapeda.com/parts/47346-0001/Molex/view-part/53503/?ref=snap"; VariantName = "[No Variations]"
Add component (AddParameter): Name = "Value"; Value = ""; VariantName = "[No Variations]"
Added Component: Designator=J3(MOLEX_1722872105)
Add component (AddParameter): Name = "Availability"; Value = "Unavailable"; VariantName = "[No Variations]"
Add component (AddParameter): Name = "MF"; Value = ""; VariantName = "[No Variations]"
Add component (AddParameter): Name = "MP"; Value = "1722872105"; VariantName = "[No Variations]"
Add component (AddParameter): Name = "Package"; Value = "None"; VariantName = "[No Variations]"
Add component (AddParameter): Name = "Price"; Value = "None"; VariantName = "[No Variations]"
Add component (AddParameter): Name = "Value"; Value = ""; VariantName = "[No Variations]"
Added Component: Designator=R1(RESC1005X37N)
Add component (AddParameter): Name = "Availability"; Value = "Unavailable"; VariantName = "[No Variations]"
Add component (AddParameter): Name = "MF"; Value = ""; VariantName = "[No Variations]"
Add component (AddParameter): Name = "MP"; Value = "AC0402JR-0710KL"; VariantName = "[No Variations]"
Add component (AddParameter): Name = "Package"; Value = "None"; VariantName = "[No Variations]"
Add component (AddParameter): Name = "Price"; Value = "None"; VariantName = "[No Variations]"
Add component (AddParameter): Name = "Value"; Value = "1K"; VariantName = "[No Variations]"
Added Component: Designator=R2(RESC1005X37N)
Add component (AddParameter): Name = "Availability"; Value = "Unavailable"; VariantName = "[No Variations]"
Add component (AddParameter): Name = "MF"; Value = ""; VariantName = "[No Variations]"
Add component (AddParameter): Name = "MP"; Value = "AC0402JR-0710KL"; VariantName = "[No Variations]"
Add component (AddParameter): Name = "Package"; Value = "None"; VariantName = "[No Variations]"
Add component (AddParameter): Name = "Price"; Value = "None"; VariantName = "[No Variations]"
Add component (AddParameter): Name = "Value"; Value = "2k2"; VariantName = "[No Variations]"
Added Component: Designator=R3(RESC1005X37N)
Add component (AddParameter): Name = "Availability"; Value = "Unavailable"; VariantName = "[No Variations]"
Add component (AddParameter): Name = "MF"; Value = ""; VariantName = "[No Variations]"
Add component (AddParameter): Name = "MP"; Value = "AC0402JR-0710KL"; VariantName = "[No Variations]"
Add component (AddParameter): Name = "Package"; Value = "None"; VariantName = "[No Variations]"
Add component (AddParameter): Name = "Price"; Value = "None"; VariantName = "[No Variations]"
Add component (AddParameter): Name = "Value"; Value = "2k2"; VariantName = "[No Variations]"
Added Component: Designator=R4(RESC1005X37N)
Add component (AddParameter): Name = "Availability"; Value = "Unavailable"; VariantName = "[No Variations]"
Add component (AddParameter): Name = "MF"; Value = ""; VariantName = "[No Variations]"
Add component (AddParameter): Name = "MP"; Value = "AC0402JR-0710KL"; VariantName = "[No Variations]"
Add component (AddParameter): Name = "Package"; Value = "None"; VariantName = "[No Variations]"
Add component (AddParameter): Name = "Price"; Value = "None"; VariantName = "[No Variations]"
Add component (AddParameter): Name = "Value"; Value = "10k"; VariantName = "[No Variations]"
Added Component: Designator=R5(RESC1005X37N)
Add component (AddParameter): Name = "Availability"; Value = "Unavailable"; VariantName = "[No Variations]"
Add component (AddParameter): Name = "MF"; Value = ""; VariantName = "[No Variations]"
Add component (AddParameter): Name = "MP"; Value = "AC0402JR-0710KL"; VariantName = "[No Variations]"
Add component (AddParameter): Name = "Package"; Value = "None"; VariantName = "[No Variations]"
Add component (AddParameter): Name = "Price"; Value = "None"; VariantName = "[No Variations]"
Add component (AddParameter): Name = "Value"; Value = "0O"; VariantName = "[No Variations]"
Added Component: Designator=R6(RESC1005X37N)
Add component (AddParameter): Name = "Availability"; Value = "Unavailable"; VariantName = "[No Variations]"
Add component (AddParameter): Name = "MF"; Value = ""; VariantName = "[No Variations]"
Add component (AddParameter): Name = "MP"; Value = "AC0402JR-0710KL"; VariantName = "[No Variations]"
Add component (AddParameter): Name = "Package"; Value = "None"; VariantName = "[No Variations]"
Add component (AddParameter): Name = "Price"; Value = "None"; VariantName = "[No Variations]"
Add component (AddParameter): Name = "Value"; Value = "10k"; VariantName = "[No Variations]"
Added Component: Designator=R7(RESC1005X37N)
Add component (AddParameter): Name = "Availability"; Value = "Unavailable"; VariantName = "[No Variations]"
Add component (AddParameter): Name = "MF"; Value = ""; VariantName = "[No Variations]"
Add component (AddParameter): Name = "MP"; Value = "AC0402JR-0710KL"; VariantName = "[No Variations]"
Add component (AddParameter): Name = "Package"; Value = "None"; VariantName = "[No Variations]"
Add component (AddParameter): Name = "Price"; Value = "None"; VariantName = "[No Variations]"
Add component (AddParameter): Name = "Value"; Value = "10K"; VariantName = "[No Variations]"
Added Component: Designator=U1(SOT229P700X180-4N)
Add component (AddParameter): Name = "Availability"; Value = "Unavailable"; VariantName = "[No Variations]"
Add component (AddParameter): Name = "MF"; Value = ""; VariantName = "[No Variations]"
Add component (AddParameter): Name = "MP"; Value = "AMS1117"; VariantName = "[No Variations]"
Add component (AddParameter): Name = "Package"; Value = "None"; VariantName = "[No Variations]"
Add component (AddParameter): Name = "Price"; Value = "None"; VariantName = "[No Variations]"
Add component (AddParameter): Name = "Value"; Value = ""; VariantName = "[No Variations]"
Added Component: Designator=U2(QFN50P700X700X60-49N)
Add component (AddParameter): Name = "Availability"; Value = "Good"; VariantName = "[No Variations]"
Add component (AddParameter): Name = "DigiKey-Purchase-URL"; Value = "https://snapeda.com/shop?store=DigiKey&id=383021"; VariantName = "[No Variations]"
Add component (AddParameter): Name = "MF"; Value = "STMicroelectronics"; VariantName = "[No Variations]"
Add component (AddParameter): Name = "Mouser-Purchase-URL"; Value = "https://snapeda.com/shop?store=Mouser&id=383021"; VariantName = "[No Variations]"
Add component (AddParameter): Name = "MP"; Value = "STM32F411CEU6"; VariantName = "[No Variations]"
Add component (AddParameter): Name = "Package"; Value = "UFQFN-48 STMicroelectronics"; VariantName = "[No Variations]"
Add component (AddParameter): Name = "Price"; Value = "None"; VariantName = "[No Variations]"
Add component (AddParameter): Name = "SnapEDA_Link"; Value = "https://www.snapeda.com/parts/STM32F411CEU6/STMicroelectronics/view-part/383021/?ref=snap"; VariantName = "[No Variations]"
Add component (AddParameter): Name = "Value"; Value = ""; VariantName = "[No Variations]"
Added Component: Designator=U3(IC_MPU6050)
Add component (AddParameter): Name = "Availability"; Value = "Unavailable"; VariantName = "[No Variations]"
Add component (AddParameter): Name = "MF"; Value = ""; VariantName = "[No Variations]"
Add component (AddParameter): Name = "MP"; Value = "MPU6050"; VariantName = "[No Variations]"
Add component (AddParameter): Name = "Package"; Value = "None"; VariantName = "[No Variations]"
Add component (AddParameter): Name = "Price"; Value = "None"; VariantName = "[No Variations]"
Add component (AddParameter): Name = "Value"; Value = ""; VariantName = "[No Variations]"
Added Component: Designator=Y1(OSC_ABM3B-25.000MHZ-10-1-U-T)
Add component (AddParameter): Name = "Availability"; Value = "In Stock"; VariantName = "[No Variations]"
Add component (AddParameter): Name = "Check_prices"; Value = "https://www.snapeda.com/parts/ABM3B-25.000MHZ-10-1-U-T/Abracon+LLC/view-part/?ref=eda"; VariantName = "[No Variations]"
Add component (AddParameter): Name = "MF"; Value = "Abracon"; VariantName = "[No Variations]"
Add component (AddParameter): Name = "MP"; Value = "ABM3B-25.000MHZ-10-1-U-T"; VariantName = "[No Variations]"
Add component (AddParameter): Name = "Package"; Value = "SMD-4 Abracon LLC"; VariantName = "[No Variations]"
Add component (AddParameter): Name = "Price"; Value = "None"; VariantName = "[No Variations]"
Add component (AddParameter): Name = "Purchase-URL"; Value = "https://pricing.snapeda.com/search/part/ABM3B-25.000MHZ-10-1-U-T/?ref=eda"; VariantName = "[No Variations]"
Add component (AddParameter): Name = "SnapEDA_Link"; Value = "https://www.snapeda.com/parts/ABM3B-25.000MHZ-10-1-U-T/Abracon+LLC/view-part/?ref=snap"; VariantName = "[No Variations]"
Add component (AddParameter): Name = "Value"; Value = "25MHz"; VariantName = "[No Variations]"
Added Pin To Net: NetName=+3V3 Pin=C4-2
Added Pin To Net: NetName=+3V3 Pin=C7-1
Added Pin To Net: NetName=+3V3 Pin=C11-2
Added Pin To Net: NetName=+3V3 Pin=C12-2
Added Pin To Net: NetName=+3V3 Pin=C13-2
Added Pin To Net: NetName=+3V3 Pin=C14-2
Added Pin To Net: NetName=+3V3 Pin=C15-2
Added Pin To Net: NetName=+3V3 Pin=J1-1
Added Pin To Net: NetName=+3V3 Pin=J3-1
Added Pin To Net: NetName=+3V3 Pin=R2-2
Added Pin To Net: NetName=+3V3 Pin=R3-2
Added Pin To Net: NetName=+3V3 Pin=R4-2
Added Pin To Net: NetName=+3V3 Pin=U1-2
Added Pin To Net: NetName=+3V3 Pin=U1-4
Added Pin To Net: NetName=+3V3 Pin=U2-1
Added Pin To Net: NetName=+3V3 Pin=U2-9
Added Pin To Net: NetName=+3V3 Pin=U2-24
Added Pin To Net: NetName=+3V3 Pin=U2-36
Added Pin To Net: NetName=+3V3 Pin=U2-48
Added Pin To Net: NetName=+3V3 Pin=U3-8
Added Pin To Net: NetName=+3V3 Pin=U3-13
Added Net: Name=+3V3
Added Pin To Net: NetName=+5V Pin=FB1-2
Added Pin To Net: NetName=+5V Pin=U1-3
Added Net: Name=+5V
Added Pin To Net: NetName=GND Pin=C4-1
Added Pin To Net: NetName=GND Pin=C5-2
Added Pin To Net: NetName=GND Pin=C6-2
Added Pin To Net: NetName=GND Pin=C7-2
Added Pin To Net: NetName=GND Pin=C8-1
Added Pin To Net: NetName=GND Pin=C9-1
Added Pin To Net: NetName=GND Pin=C11-1
Added Pin To Net: NetName=GND Pin=C12-1
Added Pin To Net: NetName=GND Pin=C13-1
Added Pin To Net: NetName=GND Pin=C14-1
Added Pin To Net: NetName=GND Pin=C15-1
Added Pin To Net: NetName=GND Pin=C17-1
Added Pin To Net: NetName=GND Pin=J1-5
Added Pin To Net: NetName=GND Pin=J2-5
Added Pin To Net: NetName=GND Pin=J3-5
Added Pin To Net: NetName=GND Pin=R1-1
Added Pin To Net: NetName=GND Pin=R6-1
Added Pin To Net: NetName=GND Pin=R7-2
Added Pin To Net: NetName=GND Pin=U1-1
Added Pin To Net: NetName=GND Pin=U2-8
Added Pin To Net: NetName=GND Pin=U2-23
Added Pin To Net: NetName=GND Pin=U2-35
Added Pin To Net: NetName=GND Pin=U2-47
Added Pin To Net: NetName=GND Pin=U2-49
Added Pin To Net: NetName=GND Pin=U3-1
Added Pin To Net: NetName=GND Pin=U3-9
Added Pin To Net: NetName=GND Pin=U3-11
Added Pin To Net: NetName=GND Pin=U3-18
Added Pin To Net: NetName=GND Pin=U3-25
Added Pin To Net: NetName=GND Pin=Y1-2
Added Pin To Net: NetName=GND Pin=Y1-4
Added Net: Name=GND
Added Pin To Net: NetName=IMU CPOUT Pin=C5-1
Added Pin To Net: NetName=IMU CPOUT Pin=U3-20
Added Net: Name=IMU CPOUT
Added Pin To Net: NetName=IMU INT Pin=U2-45
Added Pin To Net: NetName=IMU INT Pin=U3-12
Added Net: Name=IMU INT
Added Pin To Net: NetName=IMU REGOUT Pin=C6-1
Added Pin To Net: NetName=IMU REGOUT Pin=U3-10
Added Net: Name=IMU REGOUT
Added Pin To Net: NetName=IMU SCL Pin=R2-1
Added Pin To Net: NetName=IMU SCL Pin=U2-42
Added Pin To Net: NetName=IMU SCL Pin=U3-23
Added Net: Name=IMU SCL
Added Pin To Net: NetName=IMU SDA Pin=R3-1
Added Pin To Net: NetName=IMU SDA Pin=U2-43
Added Pin To Net: NetName=IMU SDA Pin=U3-24
Added Net: Name=IMU SDA
Added Pin To Net: NetName=LED PWR K Pin=R1-2
Added Net: Name=LED PWR K
Added Pin To Net: NetName=MCU BOOT0 Pin=R6-2
Added Pin To Net: NetName=MCU BOOT0 Pin=U2-44
Added Net: Name=MCU BOOT0
Added Pin To Net: NetName=MCU LED A Pin=D2-A
Added Pin To Net: NetName=MCU LED A Pin=U2-26
Added Net: Name=MCU LED A
Added Pin To Net: NetName=MCU LED K Pin=D2-K
Added Pin To Net: NetName=MCU LED K Pin=R7-1
Added Net: Name=MCU LED K
Added Pin To Net: NetName=MCU NRST Pin=C17-2
Added Pin To Net: NetName=MCU NRST Pin=J1-3
Added Pin To Net: NetName=MCU NRST Pin=R4-1
Added Pin To Net: NetName=MCU NRST Pin=U2-7
Added Net: Name=MCU NRST
Added Pin To Net: NetName=MCU OSC IN Pin=C8-2
Added Pin To Net: NetName=MCU OSC IN Pin=U2-5
Added Pin To Net: NetName=MCU OSC IN Pin=Y1-1
Added Net: Name=MCU OSC IN
Added Pin To Net: NetName=MCU OSC OUT Pin=R5-1
Added Pin To Net: NetName=MCU OSC OUT Pin=U2-6
Added Net: Name=MCU OSC OUT
Added Pin To Net: NetName=MCU PA4 Pin=J3-2
Added Pin To Net: NetName=MCU PA4 Pin=U2-14
Added Net: Name=MCU PA4
Added Pin To Net: NetName=MCU PA5 Pin=J3-3
Added Pin To Net: NetName=MCU PA5 Pin=U2-15
Added Net: Name=MCU PA5
Added Pin To Net: NetName=MCU PA6 Pin=J3-4
Added Pin To Net: NetName=MCU PA6 Pin=U2-16
Added Net: Name=MCU PA6
Added Pin To Net: NetName=MCU SWCLK Pin=J1-4
Added Pin To Net: NetName=MCU SWCLK Pin=U2-37
Added Net: Name=MCU SWCLK
Added Pin To Net: NetName=MCU SWDIO Pin=J1-2
Added Pin To Net: NetName=MCU SWDIO Pin=U2-34
Added Net: Name=MCU SWDIO
Added Pin To Net: NetName=MCU SWO Pin=J1-6
Added Pin To Net: NetName=MCU SWO Pin=U2-39
Added Net: Name=MCU SWO
Added Pin To Net: NetName=MCU VCAP1 Pin=U2-22
Added Net: Name=MCU VCAP1
Added Pin To Net: NetName=USB_D_N Pin=J2-2
Added Pin To Net: NetName=USB_D_N Pin=U2-32
Added Net: Name=USB_D_N
Added Pin To Net: NetName=USB_D_P Pin=J2-3
Added Pin To Net: NetName=USB_D_P Pin=U2-33
Added Net: Name=USB_D_P
Added Pin To Net: NetName=VBUS Pin=FB1-1
Added Pin To Net: NetName=VBUS Pin=J2-1
Added Net: Name=VBUS
Added Pin To Net: NetName=XTAL IN Pin=C9-2
Added Pin To Net: NetName=XTAL IN Pin=R5-2
Added Pin To Net: NetName=XTAL IN Pin=Y1-3
Added Net: Name=XTAL IN
Added Differential Pair: Name=USB_D
