Added Component: Designator=C1(CAPC1608X90N)
Add component (AddParameter): Name = "Availability"; Value = "Unavailable"; VariantName = "[No Variations]"
Add component (AddParameter): Name = "MF"; Value = "KEMET"; VariantName = "[No Variations]"
Add component (AddParameter): Name = "MP"; Value = "C0603C225K4PACTU"; VariantName = "[No Variations]"
Add component (AddParameter): Name = "Package"; Value = "0603 KEMET"; VariantName = "[No Variations]"
Add component (AddParameter): Name = "Price"; Value = "None"; VariantName = "[No Variations]"
Add component (AddParameter): Name = "SnapEDA_Link"; Value = "https://www.snapeda.com/parts/C0603C225K4PACTU/KEMET/view-part/609526/?ref=snap"; VariantName = "[No Variations]"
Add component (AddParameter): Name = "Value"; Value = "2u2"; VariantName = "[No Variations]"
Added Component: Designator=C2(CAPC1608X90N)
Add component (AddParameter): Name = "Availability"; Value = "Unavailable"; VariantName = "[No Variations]"
Add component (AddParameter): Name = "MF"; Value = "KEMET"; VariantName = "[No Variations]"
Add component (AddParameter): Name = "MP"; Value = "C0603C225K4PACTU"; VariantName = "[No Variations]"
Add component (AddParameter): Name = "Package"; Value = "0603 KEMET"; VariantName = "[No Variations]"
Add component (AddParameter): Name = "Price"; Value = "None"; VariantName = "[No Variations]"
Add component (AddParameter): Name = "SnapEDA_Link"; Value = "https://www.snapeda.com/parts/C0603C225K4PACTU/KEMET/view-part/609526/?ref=snap"; VariantName = "[No Variations]"
Add component (AddParameter): Name = "Value"; Value = "22u"; VariantName = "[No Variations]"
Added Component: Designator=C3(CAPC1608X90N)
Add component (AddParameter): Name = "Availability"; Value = "Unavailable"; VariantName = "[No Variations]"
Add component (AddParameter): Name = "MF"; Value = "KEMET"; VariantName = "[No Variations]"
Add component (AddParameter): Name = "MP"; Value = "C0603C225K4PACTU"; VariantName = "[No Variations]"
Add component (AddParameter): Name = "Package"; Value = "0603 KEMET"; VariantName = "[No Variations]"
Add component (AddParameter): Name = "Price"; Value = "None"; VariantName = "[No Variations]"
Add component (AddParameter): Name = "SnapEDA_Link"; Value = "https://www.snapeda.com/parts/C0603C225K4PACTU/KEMET/view-part/609526/?ref=snap"; VariantName = "[No Variations]"
Add component (AddParameter): Name = "Value"; Value = "22u"; VariantName = "[No Variations]"
Added Component: Designator=C10(CAPC1608X90N)
Add component (AddParameter): Name = "Availability"; Value = "Unavailable"; VariantName = "[No Variations]"
Add component (AddParameter): Name = "MF"; Value = "KEMET"; VariantName = "[No Variations]"
Add component (AddParameter): Name = "MP"; Value = "C0603C225K4PACTU"; VariantName = "[No Variations]"
Add component (AddParameter): Name = "Package"; Value = "0603 KEMET"; VariantName = "[No Variations]"
Add component (AddParameter): Name = "Price"; Value = "None"; VariantName = "[No Variations]"
Add component (AddParameter): Name = "SnapEDA_Link"; Value = "https://www.snapeda.com/parts/C0603C225K4PACTU/KEMET/view-part/609526/?ref=snap"; VariantName = "[No Variations]"
Add component (AddParameter): Name = "Value"; Value = "2u2"; VariantName = "[No Variations]"
Added Component: Designator=C16(CAPC1608X90N)
Add component (AddParameter): Name = "Availability"; Value = "Unavailable"; VariantName = "[No Variations]"
Add component (AddParameter): Name = "MF"; Value = "KEMET"; VariantName = "[No Variations]"
Add component (AddParameter): Name = "MP"; Value = "C0603C225K4PACTU"; VariantName = "[No Variations]"
Add component (AddParameter): Name = "Package"; Value = "0603 KEMET"; VariantName = "[No Variations]"
Add component (AddParameter): Name = "Price"; Value = "None"; VariantName = "[No Variations]"
Add component (AddParameter): Name = "SnapEDA_Link"; Value = "https://www.snapeda.com/parts/C0603C225K4PACTU/KEMET/view-part/609526/?ref=snap"; VariantName = "[No Variations]"
Add component (AddParameter): Name = "Value"; Value = "2u2"; VariantName = "[No Variations]"
Added Component: Designator=D1(LEDM1608X80)
Add component (AddParameter): Name = "Availability"; Value = "Unavailable"; VariantName = "[No Variations]"
Add component (AddParameter): Name = "MF"; Value = "Broadcom Limited"; VariantName = "[No Variations]"
Add component (AddParameter): Name = "MP"; Value = "HSMS-C190"; VariantName = "[No Variations]"
Add component (AddParameter): Name = "Package"; Value = "0603 Broadcom"; VariantName = "[No Variations]"
Add component (AddParameter): Name = "Price"; Value = "None"; VariantName = "[No Variations]"
Add component (AddParameter): Name = "SnapEDA_Link"; Value = "https://www.snapeda.com/parts/HSMS-C190/Broadcom%20Limited/view-part/1781258/?ref=snap"; VariantName = "[No Variations]"
Add component (AddParameter): Name = "Value"; Value = ""; VariantName = "[No Variations]"
Added Pin To Net: NetName=GND Pin=C1-1
Added Pin To Net: NetName=VBUS Pin=C1-2
Added Pin To Net: NetName=GND Pin=C2-1
Added Pin To Net: NetName=+5V Pin=C2-2
Added Pin To Net: NetName=GND Pin=C3-1
Added Pin To Net: NetName=+3V3 Pin=C3-2
Added Pin To Net: NetName=GND Pin=C10-1
Added Pin To Net: NetName=+3V3 Pin=C10-2
Added Pin To Net: NetName=GND Pin=C16-1
Added Pin To Net: NetName=MCU VCAP1 Pin=C16-2
Added Pin To Net: NetName=+3V3 Pin=D1-A
Added Pin To Net: NetName=LED PWR K Pin=D1-K
